0 verbose cli C:\Users\ridbor001\Downloads\node.js\node.exe C:\Users\ridbor001\Downloads\node.js\node_modules\npm\bin\npm-cli.js
1 info using npm@10.5.0
2 info using node@v18.20.0
3 timing npm:load:whichnode Completed in 2ms
4 timing config:load:defaults Completed in 6ms
5 timing config:load:file:C:\Users\ridbor001\Downloads\node.js\node_modules\npm\npmrc Completed in 2ms
6 timing config:load:builtin Completed in 2ms
7 timing config:load:cli Completed in 2ms
8 timing config:load:env Completed in 1ms
9 timing config:load:file:C:\Users\ridbor001\Documents\HBuilderProjects\family1\family\.npmrc Completed in 1ms
10 timing config:load:project Completed in 4ms
11 timing config:load:file:C:\Users\ridbor001\.npmrc Completed in 1ms
12 timing config:load:user Completed in 1ms
13 timing config:load:file:C:\Users\ridbor001\AppData\Roaming\npm\etc\npmrc Completed in 0ms
14 timing config:load:global Completed in 0ms
15 timing config:load:setEnvs Completed in 1ms
16 timing config:load Completed in 19ms
17 timing npm:load:configload Completed in 19ms
18 timing config:load:flatten Completed in 4ms
19 timing npm:load:mkdirpcache Completed in 1ms
20 timing npm:load:mkdirplogs Completed in 1ms
21 verbose title npm start
22 verbose argv "start"
23 timing npm:load:setTitle Completed in 2ms
24 timing npm:load:display Completed in 1ms
25 verbose logfile logs-max:10 dir:c:\Users\ridbor001\Documents\HBuilderProjects\family1\family\_logs\2025-01-01T15_26_47_557Z-
26 verbose logfile c:\Users\ridbor001\Documents\HBuilderProjects\family1\family\_logs\2025-01-01T15_26_47_557Z-debug-0.log
27 timing npm:load:logFile Completed in 23ms
28 timing npm:load:timers Completed in 0ms
29 timing npm:load:configScope Completed in 0ms
30 timing npm:load Completed in 112ms
31 silly logfile done cleaning log files
32 http fetch GET 200 https://registry.npmmirror.com/npm 485ms
33 http fetch GET 200 https://registry.npmmirror.com/npm 465ms
34 timing command:run-script Completed in 34275ms
35 timing command:start Completed in 34295ms
36 notice
36 notice New [31mmajor[39m version of npm available! [31m10.5.0[39m -> [32m11.0.0[39m
36 notice Changelog: [36mhttps://github.com/npm/cli/releases/tag/v11.0.0[39m
36 notice Run [32mnpm install -g npm@11.0.0[39m to update!
36 notice
37 verbose exit 1
38 timing npm Completed in 34511ms
39 verbose code 1
